<?xml version="1.0" encoding="UTF-8"?>
<!-- Generated by org.testng.reporters.JUnitReportReporter -->
<testsuite skipped="0" hostname="USER-PC" name="programs.Program1" tests="1" failures="0" timestamp="30 Apr 2019 08:15:21 GMT" time="0.008" errors="0">
  <testcase name="q1" time="0.008" classname="programs.Program1"/>
</testsuite> <!-- programs.Program1 -->
